
> @seacrets/design-system@0.1.0 prebuild-storybook
> npm run tokens:build


> @seacrets/design-system@0.1.0 tokens:build
> style-dictionary build --config style-dictionary.config.js


css
✔︎ src/styles/tokens.css

> @seacrets/design-system@0.1.0 build-storybook
> storybook build --output-dir=/tmp/chromatic--39358-2KDf9rVcSoAf

[1m@storybook/core v8.6.15
[22m
info => Cleaning outputDir: [36m../../../../tmp/chromatic--39358-2KDf9rVcSoAf[39m
info => Loading presets
info => Building manager..
info => Manager built ([38;2;181;126;229m964 ms[39m)
info => Building preview..
[36mvite v7.3.1 [32mbuilding client environment for production...[36m[39m
transforming...
[32m✓[39m 117 modules transformed.
rendering chunks...
computing gzip size...
[2m../../../../tmp/chromatic--39358-2KDf9rVcSoAf/[22m[32miframe.html                               [39m[1m[2m 17.56 kB[22m[1m[22m[2m │ gzip:   4.98 kB[22m
[2m../../../../tmp/chromatic--39358-2KDf9rVcSoAf/[22m[2massets/[22m[35mpreview-BoGcFCe7.css               [39m[1m[2m  8.87 kB[22m[1m[22m[2m │ gzip:   1.35 kB[22m
[2m../../../../tmp/chromatic--39358-2KDf9rVcSoAf/[22m[2massets/[22m[36m_commonjsHelpers-CqkleIqs.js       [39m[1m[2m  0.12 kB[22m[1m[22m[2m │ gzip:   0.13 kB[22m
[2m../../../../tmp/chromatic--39358-2KDf9rVcSoAf/[22m[2massets/[22m[36mpreview-TqM3Oi8H.js                [39m[1m[2m  0.17 kB[22m[1m[22m[2m │ gzip:   0.15 kB[22m
[2m../../../../tmp/chromatic--39358-2KDf9rVcSoAf/[22m[2massets/[22m[36mclient-DwxNhPDL.js                 [39m[1m[2m  0.18 kB[22m[1m[22m[2m │ gzip:   0.15 kB[22m
[2m../../../../tmp/chromatic--39358-2KDf9rVcSoAf/[22m[2massets/[22m[36mindex-C7sRb6U4.js                  [39m[1m[2m  0.46 kB[22m[1m[22m[2m │ gzip:   0.30 kB[22m
[2m../../../../tmp/chromatic--39358-2KDf9rVcSoAf/[22m[2massets/[22m[36mpreview-B0cqgesq.js                [39m[1m[2m  0.54 kB[22m[1m[22m[2m │ gzip:   0.36 kB[22m
[2m../../../../tmp/chromatic--39358-2KDf9rVcSoAf/[22m[2massets/[22m[36mpreview-caVMbCIR.js                [39m[1m[2m  0.69 kB[22m[1m[22m[2m │ gzip:   0.48 kB[22m
[2m../../../../tmp/chromatic--39358-2KDf9rVcSoAf/[22m[2massets/[22m[36mchunk-XP5HYGXS-BpfKkqn7.js         [39m[1m[2m  0.71 kB[22m[1m[22m[2m │ gzip:   0.40 kB[22m
[2m../../../../tmp/chromatic--39358-2KDf9rVcSoAf/[22m[2massets/[22m[36mjsx-runtime-CSjhXfFz.js            [39m[1m[2m  0.75 kB[22m[1m[22m[2m │ gzip:   0.48 kB[22m
[2m../../../../tmp/chromatic--39358-2KDf9rVcSoAf/[22m[2massets/[22m[36mindex-DrFu-skq.js                  [39m[1m[2m  0.77 kB[22m[1m[22m[2m │ gzip:   0.47 kB[22m
[2m../../../../tmp/chromatic--39358-2KDf9rVcSoAf/[22m[2massets/[22m[36mreact-18-BVcHfjau.js               [39m[1m[2m  0.84 kB[22m[1m[22m[2m │ gzip:   0.50 kB[22m
[2m../../../../tmp/chromatic--39358-2KDf9rVcSoAf/[22m[2massets/[22m[36mpreview-zp4tVLT3.js                [39m[1m[2m  0.90 kB[22m[1m[22m[2m │ gzip:   0.58 kB[22m
[2m../../../../tmp/chromatic--39358-2KDf9rVcSoAf/[22m[2massets/[22m[36mExample.stories-BVpz1lMZ.js        [39m[1m[2m  1.63 kB[22m[1m[22m[2m │ gzip:   0.58 kB[22m
[2m../../../../tmp/chromatic--39358-2KDf9rVcSoAf/[22m[2massets/[22m[36mpreview-M-4635me.js                [39m[1m[2m  2.06 kB[22m[1m[22m[2m │ gzip:   1.17 kB[22m
[2m../../../../tmp/chromatic--39358-2KDf9rVcSoAf/[22m[2massets/[22m[36mButton-CAp9GJuv.js                 [39m[1m[2m  3.11 kB[22m[1m[22m[2m │ gzip:   1.16 kB[22m
[2m../../../../tmp/chromatic--39358-2KDf9rVcSoAf/[22m[2massets/[22m[36mpreview-WIE65ICp.js                [39m[1m[2m  3.40 kB[22m[1m[22m[2m │ gzip:   1.65 kB[22m
[2m../../../../tmp/chromatic--39358-2KDf9rVcSoAf/[22m[2massets/[22m[36mpreview-DGZ5Qq08.js                [39m[1m[2m  4.87 kB[22m[1m[22m[2m │ gzip:   1.79 kB[22m
[2m../../../../tmp/chromatic--39358-2KDf9rVcSoAf/[22m[2massets/[22m[36mindex-BxY4JGwq.js                  [39m[1m[2m  7.04 kB[22m[1m[22m[2m │ gzip:   2.83 kB[22m
[2m../../../../tmp/chromatic--39358-2KDf9rVcSoAf/[22m[2massets/[22m[36mpreview-BWzBA1C2.js                [39m[1m[2m  7.62 kB[22m[1m[22m[2m │ gzip:   1.56 kB[22m
[2m../../../../tmp/chromatic--39358-2KDf9rVcSoAf/[22m[2massets/[22m[36mpreview-DTyQTpzx.js                [39m[1m[2m  8.07 kB[22m[1m[22m[2m │ gzip:   3.07 kB[22m
[2m../../../../tmp/chromatic--39358-2KDf9rVcSoAf/[22m[2massets/[22m[36mtest-utils-awfDV2xn.js             [39m[1m[2m 12.84 kB[22m[1m[22m[2m │ gzip:   4.97 kB[22m
[2m../../../../tmp/chromatic--39358-2KDf9rVcSoAf/[22m[2massets/[22m[36mTestBox.stories-DvDO8yMb.js        [39m[1m[2m 14.23 kB[22m[1m[22m[2m │ gzip:   3.00 kB[22m
[2m../../../../tmp/chromatic--39358-2KDf9rVcSoAf/[22m[2massets/[22m[36mButton.stories-BeJRBo3O.js         [39m[1m[2m 16.72 kB[22m[1m[22m[2m │ gzip:   2.53 kB[22m
[2m../../../../tmp/chromatic--39358-2KDf9rVcSoAf/[22m[2massets/[22m[36mColor-YHDXOIA2-Dk_Dz0l2.js         [39m[1m[2m 29.23 kB[22m[1m[22m[2m │ gzip:  11.04 kB[22m
[2m../../../../tmp/chromatic--39358-2KDf9rVcSoAf/[22m[2massets/[22m[36mmatchers-7Z3WT2CE-Dw4MQV_s.js      [39m[1m[2m 29.66 kB[22m[1m[22m[2m │ gzip:  10.28 kB[22m
[2m../../../../tmp/chromatic--39358-2KDf9rVcSoAf/[22m[2massets/[22m[36mentry-preview-Z8me2_5B.js          [39m[1m[2m 29.70 kB[22m[1m[22m[2m │ gzip:   9.52 kB[22m
[2m../../../../tmp/chromatic--39358-2KDf9rVcSoAf/[22m[2massets/[22m[36mTextField.stories-CKNziYWL.js      [39m[1m[2m 30.48 kB[22m[1m[22m[2m │ gzip:   5.28 kB[22m
[2m../../../../tmp/chromatic--39358-2KDf9rVcSoAf/[22m[2massets/[22m[36mindex-CcR1FEzS.js                  [39m[1m[2m 56.79 kB[22m[1m[22m[2m │ gzip:  16.19 kB[22m
[2m../../../../tmp/chromatic--39358-2KDf9rVcSoAf/[22m[2massets/[22m[36mindex-Dhw8T8-M.js                  [39m[1m[2m134.07 kB[22m[1m[22m[2m │ gzip:  43.05 kB[22m
[2m../../../../tmp/chromatic--39358-2KDf9rVcSoAf/[22m[2massets/[22m[36miframe-Bj64M5Wb.js                 [39m[1m[2m210.33 kB[22m[1m[22m[2m │ gzip:  71.30 kB[22m
[2m../../../../tmp/chromatic--39358-2KDf9rVcSoAf/[22m[2massets/[22m[36mentry-preview-docs-8EBEzauv.js     [39m[1m[2m246.78 kB[22m[1m[22m[2m │ gzip:  73.36 kB[22m
[2m../../../../tmp/chromatic--39358-2KDf9rVcSoAf/[22m[2massets/[22m[36maxe-rC29-hJ9.js                    [39m[1m[33m579.42 kB[39m[22m[2m │ gzip: 159.47 kB[22m
[2m../../../../tmp/chromatic--39358-2KDf9rVcSoAf/[22m[2massets/[22m[36mpreview-DHNTBTs5.js                [39m[1m[33m658.08 kB[39m[22m[2m │ gzip: 156.05 kB[22m
[2m../../../../tmp/chromatic--39358-2KDf9rVcSoAf/[22m[2massets/[22m[36mindex-DVR1NaKR.js                  [39m[1m[33m659.65 kB[39m[22m[2m │ gzip: 156.45 kB[22m
[2m../../../../tmp/chromatic--39358-2KDf9rVcSoAf/[22m[2massets/[22m[36mDocsRenderer-CFRXHY34-CU4-SzHI.js  [39m[1m[33m890.53 kB[39m[22m[2m │ gzip: 275.44 kB[22m
[32m✓ built in 16.49s[39m
info => Preview built ([38;2;181;126;229m31 s[39m)
info => Output directory: /tmp/chromatic--39358-2KDf9rVcSoAf
